<?xml version="1.0" encoding="UTF-8"?>
<!-- Generated by org.testng.reporters.JUnitReportReporter -->
<testsuite skipped="0" hostname="MCD-PCD-0063" name="NewTest" tests="1" failures="0" timestamp="2019-12-13T12:00:34 CST" time="6.208" errors="0">
  <testcase name="f" time="6.208" classname="NewTest"/>
</testsuite> <!-- NewTest -->
